[1018/213521.684:ERROR:directory_reader_win.cc(43)] FindFirstFile: Системе не удается найти указанный путь. (0x3)
[1026/112028.466:ERROR:directory_reader_win.cc(43)] FindFirstFile: Системе не удается найти указанный путь. (0x3)
[1111/201707.360:ERROR:directory_reader_win.cc(43)] FindFirstFile: Системе не удается найти указанный путь. (0x3)
[1111/225438.804:ERROR:directory_reader_win.cc(43)] FindFirstFile: Системе не удается найти указанный путь. (0x3)
[1117/235604.102:ERROR:directory_reader_win.cc(43)] FindFirstFile: Системе не удается найти указанный путь. (0x3)
[1118/154803.051:ERROR:file_io.cc(90)] ReadExactly: expected 36, observed 0
[1118/165327.544:ERROR:process_reader_win.cc(151)] SuspendThread: Отказано в доступе. (0x5)
[1118/165327.545:ERROR:process_reader_win.cc(151)] SuspendThread: Отказано в доступе. (0x5)
[1118/165327.545:ERROR:process_reader_win.cc(123)] NtOpenThread: {Отказано в доступе} Процесс запросил доступ к объекту, но права на доступ не предоставлены. (0xc0000022)
[1118/165327.547:ERROR:exception_snapshot_win.cc(99)] thread ID 352 not found in process
[1118/165327.632:ERROR:process_reader_win.cc(151)] SuspendThread: Отказано в доступе. (0x5)
[1118/165327.632:ERROR:process_reader_win.cc(151)] SuspendThread: Отказано в доступе. (0x5)
[1118/165327.632:ERROR:process_reader_win.cc(151)] SuspendThread: Отказано в доступе. (0x5)
[1118/165327.632:ERROR:process_reader_win.cc(151)] SuspendThread: Отказано в доступе. (0x5)
[1118/165327.632:ERROR:process_reader_win.cc(151)] SuspendThread: Отказано в доступе. (0x5)
[1118/165327.632:ERROR:process_reader_win.cc(151)] SuspendThread: Отказано в доступе. (0x5)
[1118/165327.632:ERROR:process_reader_win.cc(151)] SuspendThread: Отказано в доступе. (0x5)
[1118/165327.632:ERROR:process_reader_win.cc(151)] SuspendThread: Отказано в доступе. (0x5)
[1118/165327.633:ERROR:process_reader_win.cc(151)] SuspendThread: Отказано в доступе. (0x5)
[1118/165327.633:ERROR:process_reader_win.cc(151)] SuspendThread: Отказано в доступе. (0x5)
[1118/165327.633:ERROR:process_reader_win.cc(123)] NtOpenThread: {Отказано в доступе} Процесс запросил доступ к объекту, но права на доступ не предоставлены. (0xc0000022)
[1118/165327.633:ERROR:exception_snapshot_win.cc(99)] thread ID 8204 not found in process
[1118/165327.637:ERROR:process_reader_win.cc(151)] SuspendThread: Отказано в доступе. (0x5)
[1118/165327.638:ERROR:process_reader_win.cc(151)] SuspendThread: Отказано в доступе. (0x5)
[1118/165327.638:ERROR:process_reader_win.cc(151)] SuspendThread: Отказано в доступе. (0x5)
[1118/165327.638:ERROR:process_reader_win.cc(151)] SuspendThread: Отказано в доступе. (0x5)
[1118/165327.638:ERROR:process_reader_win.cc(151)] SuspendThread: Отказано в доступе. (0x5)
[1118/165327.638:ERROR:process_reader_win.cc(151)] SuspendThread: Отказано в доступе. (0x5)
[1118/165327.638:ERROR:process_reader_win.cc(151)] SuspendThread: Отказано в доступе. (0x5)
[1118/165327.638:ERROR:process_reader_win.cc(151)] SuspendThread: Отказано в доступе. (0x5)
[1118/165327.638:ERROR:process_reader_win.cc(151)] SuspendThread: Отказано в доступе. (0x5)
[1118/165327.638:ERROR:process_reader_win.cc(151)] SuspendThread: Отказано в доступе. (0x5)
[1118/165327.638:ERROR:process_reader_win.cc(151)] SuspendThread: Отказано в доступе. (0x5)
[1118/165327.638:ERROR:process_reader_win.cc(151)] SuspendThread: Отказано в доступе. (0x5)
[1118/165327.638:ERROR:process_reader_win.cc(151)] SuspendThread: Отказано в доступе. (0x5)
[1118/165327.639:ERROR:process_reader_win.cc(151)] SuspendThread: Отказано в доступе. (0x5)
[1118/165327.639:ERROR:process_reader_win.cc(151)] SuspendThread: Отказано в доступе. (0x5)
[1118/165327.639:ERROR:process_reader_win.cc(151)] SuspendThread: Отказано в доступе. (0x5)
[1118/165327.639:ERROR:process_reader_win.cc(123)] NtOpenThread: {Отказано в доступе} Процесс запросил доступ к объекту, но права на доступ не предоставлены. (0xc0000022)
[1118/165327.639:ERROR:exception_snapshot_win.cc(99)] thread ID 9608 not found in process
[1210/121547.113:ERROR:directory_reader_win.cc(43)] FindFirstFile: Системе не удается найти указанный путь. (0x3)
[1211/003422.292:ERROR:file_io.cc(90)] ReadExactly: expected 36, observed 0
[1212/014938.184:ERROR:directory_reader_win.cc(43)] FindFirstFile: Системе не удается найти указанный путь. (0x3)
[1219/140119.467:ERROR:directory_reader_win.cc(43)] FindFirstFile: Системе не удается найти указанный путь. (0x3)
[1225/140212.955:ERROR:directory_reader_win.cc(43)] FindFirstFile: Системе не удается найти указанный путь. (0x3)
[1228/162655.780:ERROR:directory_reader_win.cc(43)] FindFirstFile: Системе не удается найти указанный путь. (0x3)
[0101/203631.716:ERROR:directory_reader_win.cc(43)] FindFirstFile: Системе не удается найти указанный путь. (0x3)
[0104/121004.699:ERROR:directory_reader_win.cc(43)] FindFirstFile: Системе не удается найти указанный путь. (0x3)
[0104/230643.818:ERROR:process_reader_win.cc(151)] SuspendThread: Отказано в доступе. (0x5)
[0104/230643.818:ERROR:process_reader_win.cc(151)] SuspendThread: Отказано в доступе. (0x5)
[0104/230643.818:ERROR:process_reader_win.cc(151)] SuspendThread: Отказано в доступе. (0x5)
[0104/230643.818:ERROR:process_reader_win.cc(151)] SuspendThread: Отказано в доступе. (0x5)
[0104/230643.818:ERROR:process_reader_win.cc(151)] SuspendThread: Отказано в доступе. (0x5)
[0104/230643.819:ERROR:process_reader_win.cc(151)] SuspendThread: Отказано в доступе. (0x5)
[0104/230643.819:ERROR:process_reader_win.cc(151)] SuspendThread: Отказано в доступе. (0x5)
[0104/230643.819:ERROR:process_reader_win.cc(151)] SuspendThread: Отказано в доступе. (0x5)
[0104/230643.819:ERROR:process_reader_win.cc(151)] SuspendThread: Отказано в доступе. (0x5)
[0104/230643.819:ERROR:process_reader_win.cc(123)] NtOpenThread: {Отказано в доступе} Процесс запросил доступ к объекту, но права на доступ не предоставлены. (0xc0000022)
[0104/230643.822:ERROR:exception_snapshot_win.cc(99)] thread ID 9684 not found in process
[0104/230643.880:ERROR:process_reader_win.cc(151)] SuspendThread: Отказано в доступе. (0x5)
[0104/230643.880:ERROR:process_reader_win.cc(151)] SuspendThread: Отказано в доступе. (0x5)
[0104/230643.880:ERROR:process_reader_win.cc(151)] SuspendThread: Отказано в доступе. (0x5)
[0104/230643.880:ERROR:process_reader_win.cc(151)] SuspendThread: Отказано в доступе. (0x5)
[0104/230643.880:ERROR:process_reader_win.cc(151)] SuspendThread: Отказано в доступе. (0x5)
[0104/230643.880:ERROR:process_reader_win.cc(151)] SuspendThread: Отказано в доступе. (0x5)
[0104/230643.880:ERROR:process_reader_win.cc(151)] SuspendThread: Отказано в доступе. (0x5)
[0104/230643.880:ERROR:process_reader_win.cc(151)] SuspendThread: Отказано в доступе. (0x5)
[0104/230643.880:ERROR:process_reader_win.cc(151)] SuspendThread: Отказано в доступе. (0x5)
[0104/230643.881:ERROR:process_reader_win.cc(151)] SuspendThread: Отказано в доступе. (0x5)
[0104/230643.881:ERROR:process_reader_win.cc(151)] SuspendThread: Отказано в доступе. (0x5)
[0104/230643.881:ERROR:process_reader_win.cc(123)] NtOpenThread: {Отказано в доступе} Процесс запросил доступ к объекту, но права на доступ не предоставлены. (0xc0000022)
[0104/230643.881:ERROR:exception_snapshot_win.cc(99)] thread ID 904 not found in process
[0104/230643.917:ERROR:process_reader_win.cc(151)] SuspendThread: Отказано в доступе. (0x5)
[0104/230643.917:ERROR:process_reader_win.cc(123)] NtOpenThread: {Отказано в доступе} Процесс запросил доступ к объекту, но права на доступ не предоставлены. (0xc0000022)
[0104/230643.917:ERROR:exception_snapshot_win.cc(99)] thread ID 11952 not found in process
